FieldPrime/app/build/outputs/logs/manifest-merger-debug-report.txt
-- Merging decision tree log ---
manifest
ADDED from src/main/AndroidManifest.xml:2:1-45:12
	xmlns:android
		ADDED from src/main/AndroidManifest.xml:2:11-69
	package
		ADDED from src/main/AndroidManifest.xml:3:5-31
		INJECTED from src/main/AndroidManifest.xml
		INJECTED from src/main/AndroidManifest.xml
	android:versionName
		ADDED from src/main/AndroidManifest.xml:5:5-68
		INJECTED from src/main/AndroidManifest.xml
		INJECTED from src/main/AndroidManifest.xml
	android:versionCode
		ADDED from src/main/AndroidManifest.xml:4:5-30
		INJECTED from src/main/AndroidManifest.xml
		INJECTED from src/main/AndroidManifest.xml
uses-sdk
ADDED from src/main/AndroidManifest.xml:7:5-9:41
MERGED from [com.android.support:support-v4:21.0.3] AndroidManifest.xml:15:5-42
	android:targetSdkVersion
		ADDED from src/main/AndroidManifest.xml:9:9-38
		INJECTED from src/main/AndroidManifest.xml
		INJECTED from src/main/AndroidManifest.xml
	android:minSdkVersion
		ADDED from src/main/AndroidManifest.xml:8:9-35
		INJECTED from src/main/AndroidManifest.xml
		INJECTED from src/main/AndroidManifest.xml
uses-permission#android.permission.WRITE_EXTERNAL_STORAGE
ADDED from src/main/AndroidManifest.xml:11:5-81
	android:name
		ADDED from src/main/AndroidManifest.xml:11:22-78
uses-permission#android.permission.ACCESS_FINE_LOCATION
ADDED from src/main/AndroidManifest.xml:12:5-79
	android:name
		ADDED from src/main/AndroidManifest.xml:12:22-76
uses-permission#android.permission.INTERNET
ADDED from src/main/AndroidManifest.xml:13:5-67
	android:name
		ADDED from src/main/AndroidManifest.xml:13:22-64
uses-permission#android.permission.BLUETOOTH
ADDED from src/main/AndroidManifest.xml:14:5-68
	android:name
		ADDED from src/main/AndroidManifest.xml:14:22-65
uses-permission#android.permission.BLUETOOTH_ADMIN
ADDED from src/main/AndroidManifest.xml:15:5-74
	android:name
		ADDED from src/main/AndroidManifest.xml:15:22-71
uses-permission#android.permission.CAMERA
ADDED from src/main/AndroidManifest.xml:16:5-65
	android:name
		ADDED from src/main/AndroidManifest.xml:16:22-62
uses-feature#android.hardware.camera
ADDED from src/main/AndroidManifest.xml:17:5-60
	android:name
		ADDED from src/main/AndroidManifest.xml:17:19-57
application
ADDED from src/main/AndroidManifest.xml:19:5-44:23
MERGED from [com.android.support:support-v4:21.0.3] AndroidManifest.xml:16:5-19
	android:supportsRtl
		ADDED from src/main/AndroidManifest.xml:25:9-35
	android:label
		ADDED from src/main/AndroidManifest.xml:22:9-41
	android:allowBackup
		ADDED from src/main/AndroidManifest.xml:20:9-35
	android:icon
		ADDED from src/main/AndroidManifest.xml:21:9-45
	android:theme
		ADDED from src/main/AndroidManifest.xml:23:9-40
	android:name
		ADDED from src/main/AndroidManifest.xml:24:9-48
activity#csiro.fieldprime.ActMain
ADDED from src/main/AndroidManifest.xml:26:9-35:20
	android:windowSoftInputMode
		ADDED from src/main/AndroidManifest.xml:30:13-52
	android:screenOrientation
		ADDED from src/main/AndroidManifest.xml:29:13-49
	android:label
		ADDED from src/main/AndroidManifest.xml:28:13-45
	android:name
		ADDED from src/main/AndroidManifest.xml:27:13-52
intent-filter#android.intent.action.MAIN+android.intent.category.LAUNCHER
ADDED from src/main/AndroidManifest.xml:31:13-34:29
action#android.intent.action.MAIN
ADDED from src/main/AndroidManifest.xml:32:17-69
	android:name
		ADDED from src/main/AndroidManifest.xml:32:25-66
category#android.intent.category.LAUNCHER
ADDED from src/main/AndroidManifest.xml:33:17-77
	android:name
		ADDED from src/main/AndroidManifest.xml:33:27-74
activity#csiro.fieldprime.FileBrowse
ADDED from src/main/AndroidManifest.xml:36:9-111
	android:screenOrientation
		ADDED from src/main/AndroidManifest.xml:36:62-98
	android:name
		ADDED from src/main/AndroidManifest.xml:36:19-61
activity#csiro.fieldprime.Preferences
ADDED from src/main/AndroidManifest.xml:37:9-111
	android:screenOrientation
		ADDED from src/main/AndroidManifest.xml:37:63-99
	android:name
		ADDED from src/main/AndroidManifest.xml:37:19-62
activity#csiro.fieldprime.ActAbout
ADDED from src/main/AndroidManifest.xml:38:9-108
	android:screenOrientation
		ADDED from src/main/AndroidManifest.xml:38:60-96
	android:name
		ADDED from src/main/AndroidManifest.xml:38:19-59
activity#csiro.fieldprime.ActTUNotes
ADDED from src/main/AndroidManifest.xml:39:9-111
	android:screenOrientation
		ADDED from src/main/AndroidManifest.xml:39:62-98
	android:name
		ADDED from src/main/AndroidManifest.xml:39:19-61
activity#csiro.fieldprime.ActBluetooth
ADDED from src/main/AndroidManifest.xml:40:9-112
	android:screenOrientation
		ADDED from src/main/AndroidManifest.xml:40:64-100
	android:name
		ADDED from src/main/AndroidManifest.xml:40:19-63
activity#csiro.fieldprime.ActScoreSets
ADDED from src/main/AndroidManifest.xml:41:9-112
	android:screenOrientation
		ADDED from src/main/AndroidManifest.xml:41:64-100
	android:name
		ADDED from src/main/AndroidManifest.xml:41:19-63
activity#csiro.fieldprime.ActTrial
ADDED from src/main/AndroidManifest.xml:42:9-108
	android:screenOrientation
		ADDED from src/main/AndroidManifest.xml:42:60-96
	android:name
		ADDED from src/main/AndroidManifest.xml:42:19-59
activity#csiro.fieldprime.ActMainTrialList
ADDED from src/main/AndroidManifest.xml:43:9-116
	android:screenOrientation
		ADDED from src/main/AndroidManifest.xml:43:68-104
	android:name
		ADDED from src/main/AndroidManifest.xml:43:19-67